<?xml version="1.0" encoding="UTF-8"?>
<testsuite xmlns:xsi="http://www.w3.org/2001/XMLSchema-instance" xsi:schemaLocation="https://maven.apache.org/surefire/maven-surefire-plugin/xsd/surefire-test-report.xsd" name="com.aws.codestar.silkroute.DAO.UserDAOTest" time="17.254" tests="8" errors="8" skipped="0" failures="0">
  <properties>
[...]
</properties>
  <testcase name="testGetUserByEmail" classname="com.aws.codestar.silkroute.DAO.UserDAOTest" time="1.786">
    <error type="java.lang.NullPointerException">java.lang.NullPointerException
	at com.aws.codestar.silkroute.DAO.UserDAOTest.testGetUserByEmail(UserDAOTest.java:55)
</error>
  </testcase>
  <testcase name="testDeactivateUserById" classname="com.aws.codestar.silkroute.DAO.UserDAOTest" time="2.245">
    <error type="java.lang.NullPointerException">java.lang.NullPointerException
	at com.aws.codestar.silkroute.DAO.UserDAOTest.testDeactivateUserById(UserDAOTest.java:110)
</error>
  </testcase>
  <testcase name="testGetAllUsers" classname="com.aws.codestar.silkroute.DAO.UserDAOTest" time="2.2">
    <error type="java.lang.NullPointerException">java.lang.NullPointerException
	at com.aws.codestar.silkroute.DAO.UserDAOTest.testGetAllUsers(UserDAOTest.java:83)
</error>
  </testcase>
  <testcase name="testAdminGetAllUsers" classname="com.aws.codestar.silkroute.DAO.UserDAOTest" time="2.175">
    <error type="java.lang.NullPointerException">java.lang.NullPointerException
	at com.aws.codestar.silkroute.DAO.UserDAOTest.testAdminGetAllUsers(UserDAOTest.java:71)
</error>
  </testcase>
  <testcase name="testCreateUser" classname="com.aws.codestar.silkroute.DAO.UserDAOTest" time="2.237">
    <error type="java.lang.NullPointerException">java.lang.NullPointerException
	at com.aws.codestar.silkroute.DAO.UserDAOTest.testCreateUser(UserDAOTest.java:44)
</error>
  </testcase>
  <testcase name="testDeleteUser" classname="com.aws.codestar.silkroute.DAO.UserDAOTest" time="2.201">
    <error type="java.lang.NullPointerException">java.lang.NullPointerException
	at com.aws.codestar.silkroute.DAO.UserDAOTest.testDeleteUser(UserDAOTest.java:93)
</error>
  </testcase>
  <testcase name="testGetUserById" classname="com.aws.codestar.silkroute.DAO.UserDAOTest" time="2.197">
    <error type="java.lang.NullPointerException">java.lang.NullPointerException
	at com.aws.codestar.silkroute.DAO.UserDAOTest.testGetUserById(UserDAOTest.java:101)
</error>
  </testcase>
  <testcase name="testReactivateUserById" classname="com.aws.codestar.silkroute.DAO.UserDAOTest" time="2.202">
    <error type="java.lang.NullPointerException">java.lang.NullPointerException
	at com.aws.codestar.silkroute.DAO.UserDAOTest.testReactivateUserById(UserDAOTest.java:117)
</error>
  </testcase>
</testsuite>